<?xml version="1.0" encoding="UTF-8"?>
<testng-results ignored="0" total="1" passed="1" failed="0" skipped="0">
  <reporter-output>
  </reporter-output>
  <suite started-at="2022-05-19T04:24:01 IST" name="Default suite" finished-at="2022-05-19T04:24:40 IST" duration-ms="38957">
    <groups>
    </groups>
    <test started-at="2022-05-19T04:24:01 IST" name="Default test" finished-at="2022-05-19T04:24:40 IST" duration-ms="38957">
      <class name="testcase.Testcase_10">
        <test-method is-config="true" signature="setUp()[pri:0, instance:testcase.Testcase_10@25ce9dc4]" started-at="2022-05-19T04:24:01 IST" name="setUp" finished-at="2022-05-19T04:24:29 IST" duration-ms="28231" status="PASS">
          <reporter-output>
          </reporter-output>
        </test-method> <!-- setUp -->
        <test-method signature="open()[pri:0, instance:testcase.Testcase_10@25ce9dc4]" started-at="2022-05-19T04:24:29 IST" name="open" finished-at="2022-05-19T04:24:39 IST" duration-ms="10080" status="PASS">
          <reporter-output>
          </reporter-output>
        </test-method> <!-- open -->
        <test-method is-config="true" signature="tearDown()[pri:0, instance:testcase.Testcase_10@25ce9dc4]" started-at="2022-05-19T04:24:39 IST" name="tearDown" finished-at="2022-05-19T04:24:40 IST" duration-ms="512" status="PASS">
          <reporter-output>
          </reporter-output>
        </test-method> <!-- tearDown -->
      </class> <!-- testcase.Testcase_10 -->
    </test> <!-- Default test -->
  </suite> <!-- Default suite -->
</testng-results>
